app/build/outputs/logs/manifest-merger-debug-report.txt
-- Merging decision tree log ---
manifest
ADDED from src\main\AndroidManifest.xml:2:1-95:12
	package
		ADDED from src\main\AndroidManifest.xml:3:5-36
		INJECTED from src\main\AndroidManifest.xml
		INJECTED from src\main\AndroidManifest.xml
	android:versionName
		INJECTED from src\main\AndroidManifest.xml
		INJECTED from src\main\AndroidManifest.xml
	xmlns:android
		ADDED from src\main\AndroidManifest.xml:2:11-69
	android:versionCode
		INJECTED from src\main\AndroidManifest.xml
		INJECTED from src\main\AndroidManifest.xml
uses-permission#android.permission.RECEIVE_USER_PRESENT
ADDED from src\main\AndroidManifest.xml:5:5-79
	android:name
		ADDED from src\main\AndroidManifest.xml:5:22-76
uses-permission#android.permission.INTERNET
ADDED from src\main\AndroidManifest.xml:6:5-67
MERGED from [com.meizu.flyme.internet:push-internal-publish:3.3.170505] AndroidManifest.xml:12:5-67
	android:name
		ADDED from src\main\AndroidManifest.xml:6:22-64
uses-permission#android.permission.WAKE_LOCK
ADDED from src\main\AndroidManifest.xml:7:5-68
	android:name
		ADDED from src\main\AndroidManifest.xml:7:22-65
uses-permission#android.permission.READ_PHONE_STATE
ADDED from src\main\AndroidManifest.xml:8:5-75
MERGED from [com.meizu.flyme.internet:push-internal-publish:3.3.170505] AndroidManifest.xml:13:5-75
	android:name
		ADDED from src\main\AndroidManifest.xml:8:22-72
uses-permission#android.permission.WRITE_EXTERNAL_STORAGE
ADDED from src\main\AndroidManifest.xml:9:5-81
MERGED from [com.meizu.flyme.internet:push-internal-publish:3.3.170505] AndroidManifest.xml:16:5-81
	android:name
		ADDED from src\main\AndroidManifest.xml:9:22-78
uses-permission#android.permission.READ_EXTERNAL_STORAGE
ADDED from src\main\AndroidManifest.xml:10:5-80
MERGED from [com.meizu.flyme.internet:push-internal-publish:3.3.170505] AndroidManifest.xml:15:5-80
	android:name
		ADDED from src\main\AndroidManifest.xml:10:22-77
uses-permission#android.permission.WRITE_SETTINGS
ADDED from src\main\AndroidManifest.xml:11:5-73
	android:name
		ADDED from src\main\AndroidManifest.xml:11:22-70
uses-permission#android.permission.VIBRATE
ADDED from src\main\AndroidManifest.xml:12:5-66
	android:name
		ADDED from src\main\AndroidManifest.xml:12:22-63
uses-permission#android.permission.MOUNT_UNMOUNT_FILESYSTEMS
ADDED from src\main\AndroidManifest.xml:13:5-84
	android:name
		ADDED from src\main\AndroidManifest.xml:13:22-81
uses-permission#android.permission.ACCESS_NETWORK_STATE
ADDED from src\main\AndroidManifest.xml:14:5-79
MERGED from [com.meizu.flyme.internet:push-internal-publish:3.3.170505] AndroidManifest.xml:14:5-79
	android:name
		ADDED from src\main\AndroidManifest.xml:14:22-76
uses-permission#android.permission.ACCESS_WIFI_STATE
ADDED from src\main\AndroidManifest.xml:15:5-76
MERGED from [com.meizu.flyme.internet:push-internal-publish:3.3.170505] AndroidManifest.xml:17:5-76
	android:name
		ADDED from src\main\AndroidManifest.xml:15:22-73
uses-permission#android.permission.SYSTEM_ALERT_WINDOW
ADDED from src\main\AndroidManifest.xml:19:5-78
	android:name
		ADDED from src\main\AndroidManifest.xml:19:22-75
uses-permission#android.permission.ACCESS_COARSE_LOCATION
ADDED from src\main\AndroidManifest.xml:20:5-81
MERGED from [com.meizu.flyme.internet:push-internal-publish:3.3.170505] AndroidManifest.xml:11:5-81
	android:name
		ADDED from src\main\AndroidManifest.xml:20:22-78
uses-permission#android.permission.CHANGE_WIFI_STATE
ADDED from src\main\AndroidManifest.xml:21:5-76
	android:name
		ADDED from src\main\AndroidManifest.xml:21:22-73
uses-permission#android.permission.ACCESS_FINE_LOCATION
ADDED from src\main\AndroidManifest.xml:22:5-79
	android:name
		ADDED from src\main\AndroidManifest.xml:22:22-76
uses-permission#android.permission.ACCESS_LOCATION_EXTRA_COMMANDS
ADDED from src\main\AndroidManifest.xml:23:5-89
	android:name
		ADDED from src\main\AndroidManifest.xml:23:22-86
uses-permission#android.permission.CHANGE_NETWORK_STATE
ADDED from src\main\AndroidManifest.xml:24:5-79
	android:name
		ADDED from src\main\AndroidManifest.xml:24:22-76
uses-permission#android.permission.GET_TASKS
ADDED from src\main\AndroidManifest.xml:25:5-68
	android:name
		ADDED from src\main\AndroidManifest.xml:25:22-65
application
ADDED from src\main\AndroidManifest.xml:27:5-93:19
MERGED from [com.android.support.constraint:constraint-layout:1.0.2] AndroidManifest.xml:9:5-20
MERGED from [com.android.support:design:26.0.0-alpha1] AndroidManifest.xml:29:5-20
MERGED from [com.android.support:transition:26.0.0-alpha1] AndroidManifest.xml:26:5-20
MERGED from [library:core:unspecified] AndroidManifest.xml:11:5-19:19
MERGED from [com.github.franmontiel:PersistentCookieJar:v1.0.1] AndroidManifest.xml:12:5-20
MERGED from [pub.devrel:easypermissions:0.2.1] AndroidManifest.xml:12:5-20
MERGED from [in.srain.cube:ultra-ptr:1.0.11] AndroidManifest.xml:11:5-20
MERGED from [library:push:unspecified] AndroidManifest.xml:54:5-333:19
MERGED from [com.android.support:appcompat-v7:26.0.0-alpha1] AndroidManifest.xml:29:5-20
MERGED from [com.android.support:support-v4:26.0.0-alpha1] AndroidManifest.xml:29:5-20
MERGED from [com.android.support:support-media-compat:26.0.0-alpha1] AndroidManifest.xml:29:5-20
MERGED from [com.android.support:support-fragment:26.0.0-alpha1] AndroidManifest.xml:29:5-20
MERGED from [com.android.support:support-core-ui:26.0.0-alpha1] AndroidManifest.xml:29:5-20
MERGED from [com.android.support:support-core-utils:26.0.0-alpha1] AndroidManifest.xml:29:5-20
MERGED from [com.android.support:animated-vector-drawable:26.0.0-alpha1] AndroidManifest.xml:26:5-20
MERGED from [com.android.support:support-vector-drawable:26.0.0-alpha1] AndroidManifest.xml:26:5-20
MERGED from [com.android.support:support-compat:26.0.0-alpha1] AndroidManifest.xml:29:5-20
MERGED from [com.meizu.flyme.internet:push-internal-publish:3.3.170505] AndroidManifest.xml:19:5-33:19
	android:label
		ADDED from src\main\AndroidManifest.xml:31:9-40
	android:supportsRtl
		ADDED from src\main\AndroidManifest.xml:33:9-35
	android:roundIcon
		ADDED from src\main\AndroidManifest.xml:32:9-54
	android:allowBackup
		ADDED from src\main\AndroidManifest.xml:29:9-35
	android:icon
		ADDED from src\main\AndroidManifest.xml:30:9-43
	android:theme
		ADDED from src\main\AndroidManifest.xml:34:9-40
	android:name
		ADDED from src\main\AndroidManifest.xml:28:9-30
activity#com.chinaredstar.demo.ApkDemo
ADDED from src\main\AndroidManifest.xml:35:9-44:20
	android:label
		ADDED from src\main\AndroidManifest.xml:37:13-45
	android:theme
		ADDED from src\main\AndroidManifest.xml:38:13-56
	android:name
		ADDED from src\main\AndroidManifest.xml:36:13-36
intent-filter#android.intent.action.MAIN+android.intent.category.LAUNCHER
ADDED from src\main\AndroidManifest.xml:39:13-43:29
action#android.intent.action.MAIN
ADDED from src\main\AndroidManifest.xml:40:17-69
	android:name
		ADDED from src\main\AndroidManifest.xml:40:25-66
category#android.intent.category.LAUNCHER
ADDED from src\main\AndroidManifest.xml:42:17-77
	android:name
		ADDED from src\main\AndroidManifest.xml:42:27-74
activity#com.chinaredstar.demo.CacheDemo
ADDED from src\main\AndroidManifest.xml:45:9-47:51
	android:configChanges
		ADDED from src\main\AndroidManifest.xml:47:13-48
	android:name
		ADDED from src\main\AndroidManifest.xml:46:13-38
activity#com.chinaredstar.demo.ParseDemo
ADDED from src\main\AndroidManifest.xml:48:9-50:51
	android:configChanges
		ADDED from src\main\AndroidManifest.xml:50:13-48
	android:name
		ADDED from src\main\AndroidManifest.xml:49:13-38
activity#com.chinaredstar.demo.EventBus2Demo
ADDED from src\main\AndroidManifest.xml:51:9-53:51
	android:configChanges
		ADDED from src\main\AndroidManifest.xml:53:13-48
	android:name
		ADDED from src\main\AndroidManifest.xml:52:13-42
receiver#com.chinaredstar.demo.receiver.MyReceiver
ADDED from src\main\AndroidManifest.xml:55:9-67:20
	android:exported
		ADDED from src\main\AndroidManifest.xml:57:13-36
	android:name
		ADDED from src\main\AndroidManifest.xml:56:13-48
intent-filter#com.chinaredstar.RECEIVE_THROUGH_MESSAGE
ADDED from src\main\AndroidManifest.xml:58:13-60:29
action#com.chinaredstar.RECEIVE_THROUGH_MESSAGE
ADDED from src\main\AndroidManifest.xml:59:17-83
	android:name
		ADDED from src\main\AndroidManifest.xml:59:25-80
intent-filter#com.chinaredstar.NOTIFICATION_ARRIVED
ADDED from src\main\AndroidManifest.xml:61:13-63:29
action#com.chinaredstar.NOTIFICATION_ARRIVED
ADDED from src\main\AndroidManifest.xml:62:17-80
	android:name
		ADDED from src\main\AndroidManifest.xml:62:25-77
intent-filter#com.chinaredstar.NOTIFICATION_CLICKED
ADDED from src\main\AndroidManifest.xml:64:13-66:29
action#com.chinaredstar.NOTIFICATION_CLICKED
ADDED from src\main\AndroidManifest.xml:65:17-80
	android:name
		ADDED from src\main\AndroidManifest.xml:65:25-77
meta-data#JPUSH_CHANNEL
ADDED from src\main\AndroidManifest.xml:70:9-72:48
	android:value
		ADDED from src\main\AndroidManifest.xml:72:13-45
		INJECTED from src\main\AndroidManifest.xml
	android:name
		ADDED from src\main\AndroidManifest.xml:71:13-41
meta-data#JPUSH_APPKEY
ADDED from src\main\AndroidManifest.xml:73:9-75:47
	android:value
		ADDED from src\main\AndroidManifest.xml:75:13-44
		INJECTED from src\main\AndroidManifest.xml
	android:name
		ADDED from src\main\AndroidManifest.xml:74:13-40
meta-data#FLYME_APPID
ADDED from src\main\AndroidManifest.xml:78:9-80:46
	android:value
		ADDED from src\main\AndroidManifest.xml:80:13-43
		INJECTED from src\main\AndroidManifest.xml
	android:name
		ADDED from src\main\AndroidManifest.xml:79:13-39
meta-data#FLYME_APPKEY
ADDED from src\main\AndroidManifest.xml:81:9-83:47
	android:value
		ADDED from src\main\AndroidManifest.xml:83:13-44
		INJECTED from src\main\AndroidManifest.xml
	android:name
		ADDED from src\main\AndroidManifest.xml:82:13-40
meta-data#MIUI_APPID
ADDED from src\main\AndroidManifest.xml:87:9-89:45
	android:value
		ADDED from src\main\AndroidManifest.xml:89:13-42
		INJECTED from src\main\AndroidManifest.xml
	android:name
		ADDED from src\main\AndroidManifest.xml:88:13-38
meta-data#MIUI_APPKEY
ADDED from src\main\AndroidManifest.xml:90:9-92:46
	android:value
		ADDED from src\main\AndroidManifest.xml:92:13-43
		INJECTED from src\main\AndroidManifest.xml
	android:name
		ADDED from src\main\AndroidManifest.xml:91:13-39
uses-sdk
INJECTED from src\main\AndroidManifest.xml reason: use-sdk injection requested
MERGED from [com.android.support.constraint:constraint-layout:1.0.2] AndroidManifest.xml:5:5-7:41
MERGED from [com.android.support:design:26.0.0-alpha1] AndroidManifest.xml:21:5-23:62
MERGED from [com.android.support:transition:26.0.0-alpha1] AndroidManifest.xml:20:5-44
MERGED from [library:core:unspecified] AndroidManifest.xml:7:5-9:41
MERGED from [com.facebook.fresco:fresco:0.12.0] AndroidManifest.xml:5:5-7:41
MERGED from [com.facebook.fresco:drawee:0.12.0] AndroidManifest.xml:5:5-7:41
MERGED from [com.facebook.fresco:imagepipeline-okhttp3:0.12.0] AndroidManifest.xml:5:5-7:41
MERGED from [com.facebook.fresco:imagepipeline:0.12.0] AndroidManifest.xml:5:5-7:41
MERGED from [com.facebook.fresco:imagepipeline-base:0.12.0] AndroidManifest.xml:5:5-7:41
MERGED from [com.facebook.fresco:fbcore:0.12.0] AndroidManifest.xml:5:5-7:41
MERGED from [com.github.franmontiel:PersistentCookieJar:v1.0.1] AndroidManifest.xml:8:5-10:41
MERGED from [pub.devrel:easypermissions:0.2.1] AndroidManifest.xml:8:5-10:41
MERGED from [com.orhanobut:logger:2.1.1] AndroidManifest.xml:6:5-43
MERGED from [in.srain.cube:ultra-ptr:1.0.11] AndroidManifest.xml:7:5-9:41
MERGED from [com.android.support:recyclerview-v7:26.0.0-alpha1] AndroidManifest.xml:20:5-44
MERGED from [com.squareup.leakcanary:leakcanary-android-no-op:1.5] AndroidManifest.xml:20:5-22:41
MERGED from [library:push:unspecified] AndroidManifest.xml:7:5-9:41
MERGED from [com.android.support:appcompat-v7:26.0.0-alpha1] AndroidManifest.xml:21:5-23:78
MERGED from [com.android.support:support-v4:26.0.0-alpha1] AndroidManifest.xml:21:5-23:54
MERGED from [com.android.support:support-media-compat:26.0.0-alpha1] AndroidManifest.xml:21:5-23:63
MERGED from [com.android.support:support-fragment:26.0.0-alpha1] AndroidManifest.xml:21:5-23:60
MERGED from [com.android.support:support-core-ui:26.0.0-alpha1] AndroidManifest.xml:21:5-23:58
MERGED from [com.android.support:support-core-utils:26.0.0-alpha1] AndroidManifest.xml:21:5-23:61
MERGED from [com.android.support:animated-vector-drawable:26.0.0-alpha1] AndroidManifest.xml:20:5-44
MERGED from [com.android.support:support-vector-drawable:26.0.0-alpha1] AndroidManifest.xml:20:5-44
MERGED from [com.android.support:support-compat:26.0.0-alpha1] AndroidManifest.xml:21:5-23:58
MERGED from [com.meizu.flyme.internet:push-internal-publish:3.3.170505] AndroidManifest.xml:7:5-9:41
	tools:overrideLibrary
		ADDED from [com.android.support:design:26.0.0-alpha1] AndroidManifest.xml:23:9-59
	android:targetSdkVersion
		INJECTED from src\main\AndroidManifest.xml
		INJECTED from src\main\AndroidManifest.xml
	android:minSdkVersion
		INJECTED from src\main\AndroidManifest.xml
		INJECTED from src\main\AndroidManifest.xml
meta-data#android.support.VERSION
ADDED from [com.android.support:design:26.0.0-alpha1] AndroidManifest.xml:25:5-27:41
MERGED from [com.android.support:transition:26.0.0-alpha1] AndroidManifest.xml:22:5-24:41
MERGED from [com.android.support:recyclerview-v7:26.0.0-alpha1] AndroidManifest.xml:22:5-24:41
MERGED from [com.android.support:appcompat-v7:26.0.0-alpha1] AndroidManifest.xml:25:5-27:41
MERGED from [com.android.support:support-v4:26.0.0-alpha1] AndroidManifest.xml:25:5-27:41
MERGED from [com.android.support:support-media-compat:26.0.0-alpha1] AndroidManifest.xml:25:5-27:41
MERGED from [com.android.support:support-fragment:26.0.0-alpha1] AndroidManifest.xml:25:5-27:41
MERGED from [com.android.support:support-core-ui:26.0.0-alpha1] AndroidManifest.xml:25:5-27:41
MERGED from [com.android.support:support-core-utils:26.0.0-alpha1] AndroidManifest.xml:25:5-27:41
MERGED from [com.android.support:animated-vector-drawable:26.0.0-alpha1] AndroidManifest.xml:22:5-24:41
MERGED from [com.android.support:support-vector-drawable:26.0.0-alpha1] AndroidManifest.xml:22:5-24:41
MERGED from [com.android.support:support-compat:26.0.0-alpha1] AndroidManifest.xml:25:5-27:41
	android:value
		ADDED from [com.android.support:design:26.0.0-alpha1] AndroidManifest.xml:27:9-38
	android:name
		ADDED from [com.android.support:design:26.0.0-alpha1] AndroidManifest.xml:26:9-47
receiver#com.chinaredstar.core.utils.ApkUtil$InstallAPKReceiver
ADDED from [library:core:unspecified] AndroidManifest.xml:14:9-18:20
	android:name
		ADDED from [library:core:unspecified] AndroidManifest.xml:14:19-88
intent-filter#android.intent.action.DOWNLOAD_COMPLETE
ADDED from [library:core:unspecified] AndroidManifest.xml:15:13-17:29
	android:priority
		ADDED from [library:core:unspecified] AndroidManifest.xml:15:28-51
action#android.intent.action.DOWNLOAD_COMPLETE
ADDED from [library:core:unspecified] AndroidManifest.xml:16:17-82
	android:name
		ADDED from [library:core:unspecified] AndroidManifest.xml:16:25-79
uses-permission#com.meizu.flyme.push.permission.RECEIVE
ADDED from [library:push:unspecified] AndroidManifest.xml:13:5-79
	android:name
		ADDED from [library:push:unspecified] AndroidManifest.xml:13:22-76
permission#${applicationId}.push.permission.MESSAGE
ADDED from [library:push:unspecified] AndroidManifest.xml:15:5-17:47
	android:protectionLevel
		ADDED from [library:push:unspecified] AndroidManifest.xml:17:9-44
	android:name
		ADDED from [library:push:unspecified] AndroidManifest.xml:16:9-64
uses-permission#${applicationId}.push.permission.MESSAGE
ADDED from [library:push:unspecified] AndroidManifest.xml:19:5-80
	android:name
		ADDED from [library:push:unspecified] AndroidManifest.xml:19:22-77
uses-permission#com.meizu.c2dm.permission.RECEIVE
ADDED from [library:push:unspecified] AndroidManifest.xml:21:5-73
	android:name
		ADDED from [library:push:unspecified] AndroidManifest.xml:21:22-70
permission#${applicationId}.permission.C2D_MESSAGE
ADDED from [library:push:unspecified] AndroidManifest.xml:23:5-25:47
	android:protectionLevel
		ADDED from [library:push:unspecified] AndroidManifest.xml:25:9-44
	android:name
		ADDED from [library:push:unspecified] AndroidManifest.xml:24:9-63
uses-permission#${applicationId}.permission.C2D_MESSAGE
ADDED from [library:push:unspecified] AndroidManifest.xml:27:5-79
	android:name
		ADDED from [library:push:unspecified] AndroidManifest.xml:27:22-76
permission#${applicationId}.permission.MIPUSH_RECEIVE
ADDED from [library:push:unspecified] AndroidManifest.xml:32:5-34:47
	android:protectionLevel
		ADDED from [library:push:unspecified] AndroidManifest.xml:34:9-44
	android:name
		ADDED from [library:push:unspecified] AndroidManifest.xml:33:9-66
uses-permission#${applicationId}.permission.MIPUSH_RECEIVE
ADDED from [library:push:unspecified] AndroidManifest.xml:35:5-82
	android:name
		ADDED from [library:push:unspecified] AndroidManifest.xml:35:22-79
uses-permission#com.huawei.pushagent.permission.RICHMEDIA_PROVIDER
ADDED from [library:push:unspecified] AndroidManifest.xml:42:5-90
	android:name
		ADDED from [library:push:unspecified] AndroidManifest.xml:42:22-87
permission#${applicationId}.permission.JPUSH_MESSAGE
ADDED from [library:push:unspecified] AndroidManifest.xml:48:5-50:47
	android:protectionLevel
		ADDED from [library:push:unspecified] AndroidManifest.xml:50:9-44
	android:name
		ADDED from [library:push:unspecified] AndroidManifest.xml:49:9-65
uses-permission#${applicationId}.permission.JPUSH_MESSAGE
ADDED from [library:push:unspecified] AndroidManifest.xml:52:5-81
	android:name
		ADDED from [library:push:unspecified] AndroidManifest.xml:52:22-78
receiver#com.chinaredstar.push.flyme.FlymePushReceiver
ADDED from [library:push:unspecified] AndroidManifest.xml:58:9-69:20
	android:name
		ADDED from [library:push:unspecified] AndroidManifest.xml:58:19-79
intent-filter#${applicationId}+com.meizu.c2dm.intent.RECEIVE+com.meizu.c2dm.intent.REGISTRATION+com.meizu.flyme.push.intent.MESSAGE+com.meizu.flyme.push.intent.REGISTER.FEEDBACK+com.meizu.flyme.push.intent.UNREGISTER.FEEDBACK
ADDED from [library:push:unspecified] AndroidManifest.xml:59:13-68:29
action#com.meizu.flyme.push.intent.MESSAGE
ADDED from [library:push:unspecified] AndroidManifest.xml:60:17-78
	android:name
		ADDED from [library:push:unspecified] AndroidManifest.xml:60:25-75
action#com.meizu.flyme.push.intent.REGISTER.FEEDBACK
ADDED from [library:push:unspecified] AndroidManifest.xml:62:17-88
	android:name
		ADDED from [library:push:unspecified] AndroidManifest.xml:62:25-85
action#com.meizu.flyme.push.intent.UNREGISTER.FEEDBACK
ADDED from [library:push:unspecified] AndroidManifest.xml:63:17-90
	android:name
		ADDED from [library:push:unspecified] AndroidManifest.xml:63:25-87
action#com.meizu.c2dm.intent.REGISTRATION
ADDED from [library:push:unspecified] AndroidManifest.xml:64:17-77
	android:name
		ADDED from [library:push:unspecified] AndroidManifest.xml:64:25-74
action#com.meizu.c2dm.intent.RECEIVE
ADDED from [library:push:unspecified] AndroidManifest.xml:65:17-72
	android:name
		ADDED from [library:push:unspecified] AndroidManifest.xml:65:25-69
category#${applicationId}
ADDED from [library:push:unspecified] AndroidManifest.xml:67:17-61
	android:name
		ADDED from [library:push:unspecified] AndroidManifest.xml:67:27-58
service#com.xiaomi.push.service.XMPushService
ADDED from [library:push:unspecified] AndroidManifest.xml:74:9-77:46
	android:enabled
		ADDED from [library:push:unspecified] AndroidManifest.xml:76:13-35
	android:process
		ADDED from [library:push:unspecified] AndroidManifest.xml:77:13-43
	android:name
		ADDED from [library:push:unspecified] AndroidManifest.xml:75:13-65
service#com.xiaomi.push.service.XMJobService
ADDED from [library:push:unspecified] AndroidManifest.xml:78:9-83:46
	android:enabled
		ADDED from [library:push:unspecified] AndroidManifest.xml:80:13-35
	android:process
		ADDED from [library:push:unspecified] AndroidManifest.xml:83:13-43
	android:exported
		ADDED from [library:push:unspecified] AndroidManifest.xml:81:13-37
	android:permission
		ADDED from [library:push:unspecified] AndroidManifest.xml:82:13-69
	android:name
		ADDED from [library:push:unspecified] AndroidManifest.xml:79:13-64
service#com.xiaomi.mipush.sdk.PushMessageHandler
ADDED from [library:push:unspecified] AndroidManifest.xml:84:9-87:39
	android:enabled
		ADDED from [library:push:unspecified] AndroidManifest.xml:86:13-35
	android:exported
		ADDED from [library:push:unspecified] AndroidManifest.xml:87:13-36
	android:name
		ADDED from [library:push:unspecified] AndroidManifest.xml:85:13-68
service#com.xiaomi.mipush.sdk.MessageHandleService
ADDED from [library:push:unspecified] AndroidManifest.xml:88:9-90:38
	android:enabled
		ADDED from [library:push:unspecified] AndroidManifest.xml:90:13-35
	android:name
		ADDED from [library:push:unspecified] AndroidManifest.xml:89:13-70
receiver#com.xiaomi.push.service.receivers.NetworkStatusReceiver
ADDED from [library:push:unspecified] AndroidManifest.xml:91:9-99:20
	android:exported
		ADDED from [library:push:unspecified] AndroidManifest.xml:93:13-36
	android:name
		ADDED from [library:push:unspecified] AndroidManifest.xml:92:13-83
intent-filter#android.intent.category.DEFAULT+android.net.conn.CONNECTIVITY_CHANGE
ADDED from [library:push:unspecified] AndroidManifest.xml:94:13-98:29
action#android.net.conn.CONNECTIVITY_CHANGE
ADDED from [library:push:unspecified] AndroidManifest.xml:95:17-79
	android:name
		ADDED from [library:push:unspecified] AndroidManifest.xml:95:25-76
category#android.intent.category.DEFAULT
ADDED from [library:push:unspecified] AndroidManifest.xml:97:17-76
	android:name
		ADDED from [library:push:unspecified] AndroidManifest.xml:97:27-73
receiver#com.xiaomi.push.service.receivers.PingReceiver
ADDED from [library:push:unspecified] AndroidManifest.xml:100:9-107:20
	android:process
		ADDED from [library:push:unspecified] AndroidManifest.xml:103:13-43
	android:exported
		ADDED from [library:push:unspecified] AndroidManifest.xml:102:13-37
	android:name
		ADDED from [library:push:unspecified] AndroidManifest.xml:101:13-74
intent-filter#com.xiaomi.push.PING_TIMER
ADDED from [library:push:unspecified] AndroidManifest.xml:104:13-106:29
action#com.xiaomi.push.PING_TIMER
ADDED from [library:push:unspecified] AndroidManifest.xml:105:17-69
	android:name
		ADDED from [library:push:unspecified] AndroidManifest.xml:105:25-66
receiver#com.chinaredstar.push.miui.MiuiPushReceiver
ADDED from [library:push:unspecified] AndroidManifest.xml:108:9-122:20
	android:exported
		ADDED from [library:push:unspecified] AndroidManifest.xml:110:13-36
	android:name
		ADDED from [library:push:unspecified] AndroidManifest.xml:109:13-71
intent-filter#com.xiaomi.mipush.RECEIVE_MESSAGE
ADDED from [library:push:unspecified] AndroidManifest.xml:113:13-115:29
action#com.xiaomi.mipush.RECEIVE_MESSAGE
ADDED from [library:push:unspecified] AndroidManifest.xml:114:17-76
	android:name
		ADDED from [library:push:unspecified] AndroidManifest.xml:114:25-73
intent-filter#com.xiaomi.mipush.MESSAGE_ARRIVED
ADDED from [library:push:unspecified] AndroidManifest.xml:116:13-118:29
action#com.xiaomi.mipush.MESSAGE_ARRIVED
ADDED from [library:push:unspecified] AndroidManifest.xml:117:17-76
	android:name
		ADDED from [library:push:unspecified] AndroidManifest.xml:117:25-73
intent-filter#com.xiaomi.mipush.ERROR
ADDED from [library:push:unspecified] AndroidManifest.xml:119:13-121:29
action#com.xiaomi.mipush.ERROR
ADDED from [library:push:unspecified] AndroidManifest.xml:120:17-66
	android:name
		ADDED from [library:push:unspecified] AndroidManifest.xml:120:25-63
receiver#com.chinaredstar.push.emui.EmuiPushReceiver
ADDED from [library:push:unspecified] AndroidManifest.xml:128:9-146:20
	android:name
		ADDED from [library:push:unspecified] AndroidManifest.xml:128:19-77
intent-filter#com.huawei.android.push.intent.CLICK+com.huawei.android.push.intent.RECEIVE+com.huawei.android.push.intent.REGISTRATION+com.huawei.android.push.plugin.RESPONSE+com.huawei.intent.action.PUSH_STATE
ADDED from [library:push:unspecified] AndroidManifest.xml:129:13-141:29
action#com.huawei.android.push.intent.REGISTRATION
ADDED from [library:push:unspecified] AndroidManifest.xml:132:17-86
	android:name
		ADDED from [library:push:unspecified] AndroidManifest.xml:132:25-83
action#com.huawei.android.push.intent.RECEIVE
ADDED from [library:push:unspecified] AndroidManifest.xml:134:17-81
	android:name
		ADDED from [library:push:unspecified] AndroidManifest.xml:134:25-78
action#com.huawei.android.push.intent.CLICK
ADDED from [library:push:unspecified] AndroidManifest.xml:136:17-79
	android:name
		ADDED from [library:push:unspecified] AndroidManifest.xml:136:25-76
action#com.huawei.intent.action.PUSH_STATE
ADDED from [library:push:unspecified] AndroidManifest.xml:138:17-78
	android:name
		ADDED from [library:push:unspecified] AndroidManifest.xml:138:25-75
action#com.huawei.android.push.plugin.RESPONSE
ADDED from [library:push:unspecified] AndroidManifest.xml:140:17-82
	android:name
		ADDED from [library:push:unspecified] AndroidManifest.xml:140:25-79
meta-data#CS_cloud_ablitity
ADDED from [library:push:unspecified] AndroidManifest.xml:143:13-145:64
	android:value
		ADDED from [library:push:unspecified] AndroidManifest.xml:145:17-61
	android:name
		ADDED from [library:push:unspecified] AndroidManifest.xml:144:17-49
receiver#com.huawei.android.pushagent.PushEventReceiver
ADDED from [library:push:unspecified] AndroidManifest.xml:155:9-170:20
	android:process
		ADDED from [library:push:unspecified] AndroidManifest.xml:157:13-43
	android:name
		ADDED from [library:push:unspecified] AndroidManifest.xml:156:13-74
intent-filter#com.huawei.android.push.PLUGIN+com.huawei.android.push.intent.REFRESH_PUSH_CHANNEL+com.huawei.intent.action.PUSH+com.huawei.intent.action.PUSH_ON
ADDED from [library:push:unspecified] AndroidManifest.xml:158:13-163:29
action#com.huawei.android.push.intent.REFRESH_PUSH_CHANNEL
ADDED from [library:push:unspecified] AndroidManifest.xml:159:17-94
	android:name
		ADDED from [library:push:unspecified] AndroidManifest.xml:159:25-91
action#com.huawei.intent.action.PUSH
ADDED from [library:push:unspecified] AndroidManifest.xml:160:17-72
	android:name
		ADDED from [library:push:unspecified] AndroidManifest.xml:160:25-69
action#com.huawei.intent.action.PUSH_ON
ADDED from [library:push:unspecified] AndroidManifest.xml:161:17-75
	android:name
		ADDED from [library:push:unspecified] AndroidManifest.xml:161:25-72
action#com.huawei.android.push.PLUGIN
ADDED from [library:push:unspecified] AndroidManifest.xml:162:17-73
	android:name
		ADDED from [library:push:unspecified] AndroidManifest.xml:162:25-70
intent-filter#android.intent.action.PACKAGE_ADDED+android.intent.action.PACKAGE_REMOVED
ADDED from [library:push:unspecified] AndroidManifest.xml:164:13-169:29
action#android.intent.action.PACKAGE_ADDED
ADDED from [library:push:unspecified] AndroidManifest.xml:165:17-78
	android:name
		ADDED from [library:push:unspecified] AndroidManifest.xml:165:25-75
action#android.intent.action.PACKAGE_REMOVED
ADDED from [library:push:unspecified] AndroidManifest.xml:166:17-80
	android:name
		ADDED from [library:push:unspecified] AndroidManifest.xml:166:25-77
data
ADDED from [library:push:unspecified] AndroidManifest.xml:168:17-50
	android:scheme
		ADDED from [library:push:unspecified] AndroidManifest.xml:168:23-47
receiver#com.huawei.android.pushagent.PushBootReceiver
ADDED from [library:push:unspecified] AndroidManifest.xml:171:9-182:20
	android:process
		ADDED from [library:push:unspecified] AndroidManifest.xml:173:13-43
	android:name
		ADDED from [library:push:unspecified] AndroidManifest.xml:172:13-73
intent-filter#android.net.conn.CONNECTIVITY_CHANGE+com.huawei.android.push.intent.REGISTER
ADDED from [library:push:unspecified] AndroidManifest.xml:174:13-177:29
action#com.huawei.android.push.intent.REGISTER
ADDED from [library:push:unspecified] AndroidManifest.xml:175:17-82
	android:name
		ADDED from [library:push:unspecified] AndroidManifest.xml:175:25-79
meta-data#CS_cloud_version
ADDED from [library:push:unspecified] AndroidManifest.xml:179:13-181:60
	android:value
		ADDED from [library:push:unspecified] AndroidManifest.xml:181:17-57
	android:name
		ADDED from [library:push:unspecified] AndroidManifest.xml:180:17-48
service#com.huawei.android.pushagent.PushService
ADDED from [library:push:unspecified] AndroidManifest.xml:185:9-187:46
	android:process
		ADDED from [library:push:unspecified] AndroidManifest.xml:187:13-43
	android:name
		ADDED from [library:push:unspecified] AndroidManifest.xml:186:13-68
activity#com.huawei.android.pushselfshow.richpush.RichPushActivity
ADDED from [library:push:unspecified] AndroidManifest.xml:191:9-206:20
	android:process
		ADDED from [library:push:unspecified] AndroidManifest.xml:194:13-43
	android:screenOrientation
		ADDED from [library:push:unspecified] AndroidManifest.xml:195:13-49
	android:configChanges
		ADDED from [library:push:unspecified] AndroidManifest.xml:193:13-82
	android:theme
		ADDED from [library:push:unspecified] AndroidManifest.xml:196:13-54
	android:name
		ADDED from [library:push:unspecified] AndroidManifest.xml:192:13-85
meta-data#hwc-theme
ADDED from [library:push:unspecified] AndroidManifest.xml:197:13-199:65
	android:value
		ADDED from [library:push:unspecified] AndroidManifest.xml:199:17-62
	android:name
		ADDED from [library:push:unspecified] AndroidManifest.xml:198:17-41
intent-filter#android.intent.category.DEFAULT+com.huawei.android.push.intent.RICHPUSH
ADDED from [library:push:unspecified] AndroidManifest.xml:201:13-205:29
action#com.huawei.android.push.intent.RICHPUSH
ADDED from [library:push:unspecified] AndroidManifest.xml:202:17-82
	android:name
		ADDED from [library:push:unspecified] AndroidManifest.xml:202:25-79
activity#com.huawei.android.pushselfshow.permission.RequestPermissionsActivity